<?xml version="1.0" encoding="UTF-8" ?>
<testsuite errors="3" failures="0" hostname="KYTECH-SURFACE" name="com.allendowney.thinkdast.MyArrayListTest" skipped="0" tests="20" time="0.341" timestamp="2020-09-10T03:38:16">
  <properties>
[...]
</properties>
  <testcase classname="com.allendowney.thinkdast.MyArrayListTest" name="testToArray" time="0.009" />
  <testcase classname="com.allendowney.thinkdast.MyArrayListTest" name="testAddIntT" time="0.001" />
  <testcase classname="com.allendowney.thinkdast.MyArrayListTest" name="testGet" time="0.0" />
  <testcase classname="com.allendowney.thinkdast.MyArrayListTest" name="testSet" time="0.0" />
  <testcase classname="com.allendowney.thinkdast.MyArrayListTest" name="testAddAllCollectionOfQextendsT" time="0.0" />
  <testcase classname="com.allendowney.thinkdast.MyArrayListTest" name="testClear" time="0.0" />
  <testcase classname="com.allendowney.thinkdast.MyArrayListTest" name="testAddT" time="0.001" />
  <testcase classname="com.allendowney.thinkdast.MyArrayListTest" name="testSize" time="0.0" />
  <testcase classname="com.allendowney.thinkdast.MyArrayListTest" name="testLastIndexOf" time="0.0" />
  <testcase classname="com.allendowney.thinkdast.MyArrayListTest" name="testContainsAll" time="0.0" />
  <testcase classname="com.allendowney.thinkdast.MyArrayListTest" name="testRemoveObject" time="0.013">
    <error message="Index 10 out of bounds for length 10" type="java.lang.ArrayIndexOutOfBoundsException">java.lang.ArrayIndexOutOfBoundsException: Index 10 out of bounds for length 10
	at com.allendowney.thinkdast.MyArrayList.remove(MyArrayList.java:198)
	at com.allendowney.thinkdast.MyArrayList.remove(MyArrayList.java:189)
	at com.allendowney.thinkdast.MyArrayListTest.testRemoveObject(MyArrayListTest.java:194)
	at java.base/jdk.internal.reflect.NativeMethodAccessorImpl.invoke0(Native Method)
	at java.base/jdk.internal.reflect.NativeMethodAccessorImpl.invoke(NativeMethodAccessorImpl.java:62)
	at java.base/jdk.internal.reflect.DelegatingMethodAccessorImpl.invoke(DelegatingMethodAccessorImpl.java:43)
</error>
  </testcase>
  <testcase classname="com.allendowney.thinkdast.MyArrayListTest" name="testContains" time="0.001" />
  <testcase classname="com.allendowney.thinkdast.MyArrayListTest" name="testIndexOfNull" time="0.0" />
  <testcase classname="com.allendowney.thinkdast.MyArrayListTest" name="testIndexOf" time="0.001" />
  <testcase classname="com.allendowney.thinkdast.MyArrayListTest" name="testMyList" time="0.0" />
  <testcase classname="com.allendowney.thinkdast.MyArrayListTest" name="testIsEmpty" time="0.002" />
  <testcase classname="com.allendowney.thinkdast.MyArrayListTest" name="testIterator" time="0.0" />
  <testcase classname="com.allendowney.thinkdast.MyArrayListTest" name="testRemoveAll" time="0.0">
    <error message="Index 10 out of bounds for length 10" type="java.lang.ArrayIndexOutOfBoundsException">java.lang.ArrayIndexOutOfBoundsException: Index 10 out of bounds for length 10
	at com.allendowney.thinkdast.MyArrayList.remove(MyArrayList.java:198)
	at com.allendowney.thinkdast.MyArrayList.remove(MyArrayList.java:189)
	at com.allendowney.thinkdast.MyArrayList.removeAll(MyArrayList.java:209)
	at com.allendowney.thinkdast.MyArrayListTest.testRemoveAll(MyArrayListTest.java:234)
	at java.base/jdk.internal.reflect.NativeMethodAccessorImpl.invoke0(Native Method)
	at java.base/jdk.internal.reflect.NativeMethodAccessorImpl.invoke(NativeMethodAccessorImpl.java:62)
	at java.base/jdk.internal.reflect.DelegatingMethodAccessorImpl.invoke(DelegatingMethodAccessorImpl.java:43)
</error>
  </testcase>
  <testcase classname="com.allendowney.thinkdast.MyArrayListTest" name="testRemoveInt" time="0.001">
    <error message="Index 10 out of bounds for length 10" type="java.lang.ArrayIndexOutOfBoundsException">java.lang.ArrayIndexOutOfBoundsException: Index 10 out of bounds for length 10
	at com.allendowney.thinkdast.MyArrayList.remove(MyArrayList.java:198)
	at com.allendowney.thinkdast.MyArrayListTest.testRemoveInt(MyArrayListTest.java:223)
	at java.base/jdk.internal.reflect.NativeMethodAccessorImpl.invoke0(Native Method)
	at java.base/jdk.internal.reflect.NativeMethodAccessorImpl.invoke(NativeMethodAccessorImpl.java:62)
	at java.base/jdk.internal.reflect.DelegatingMethodAccessorImpl.invoke(DelegatingMethodAccessorImpl.java:43)
</error>
  </testcase>
  <testcase classname="com.allendowney.thinkdast.MyArrayListTest" name="testSubList" time="0.0" />
  <system-out><![CDATA[]]></system-out>
  <system-err><![CDATA[]]></system-err>
</testsuite>
